INFO:root:Initialized bot MonkBot
INFO:root:---NEW TURN---
INFO:root:Starting my MonkBot!
INFO:root:---NEW TURN---
INFO:root:Turn: 1
INFO:root:---NEW TURN---
INFO:root:Turn: 2
INFO:root:---NEW TURN---
INFO:root:Turn: 3
INFO:root:---NEW TURN---
INFO:root:Turn: 4
INFO:root:---NEW TURN---
INFO:root:Turn: 5
INFO:root:---NEW TURN---
INFO:root:Turn: 6
INFO:root:---NEW TURN---
INFO:root:Turn: 7
INFO:root:---NEW TURN---
INFO:root:Turn: 8
INFO:root:---NEW TURN---
INFO:root:Turn: 9
INFO:root:---NEW TURN---
INFO:root:Turn: 10
INFO:root:---NEW TURN---
INFO:root:Turn: 11
INFO:root:---NEW TURN---
INFO:root:Turn: 12
INFO:root:---NEW TURN---
INFO:root:Turn: 13
INFO:root:---NEW TURN---
INFO:root:Turn: 14
INFO:root:---NEW TURN---
INFO:root:Turn: 15
INFO:root:---NEW TURN---
INFO:root:Turn: 16
INFO:root:---NEW TURN---
INFO:root:Turn: 17
INFO:root:---NEW TURN---
INFO:root:Turn: 18
INFO:root:---NEW TURN---
INFO:root:Turn: 19
INFO:root:---NEW TURN---
INFO:root:Turn: 20
INFO:root:---NEW TURN---
INFO:root:Turn: 21
INFO:root:---NEW TURN---
INFO:root:Turn: 22
INFO:root:---NEW TURN---
INFO:root:Turn: 23
INFO:root:---NEW TURN---
INFO:root:Turn: 24
INFO:root:---NEW TURN---
INFO:root:Turn: 25
INFO:root:---NEW TURN---
INFO:root:Turn: 26
INFO:root:---NEW TURN---
INFO:root:Turn: 27
INFO:root:---NEW TURN---
INFO:root:Turn: 28
INFO:root:---NEW TURN---
INFO:root:Turn: 29
INFO:root:---NEW TURN---
INFO:root:Turn: 30
INFO:root:---NEW TURN---
INFO:root:Turn: 31
INFO:root:---NEW TURN---
INFO:root:Turn: 32
INFO:root:---NEW TURN---
INFO:root:Turn: 33
INFO:root:---NEW TURN---
INFO:root:Turn: 34
INFO:root:---NEW TURN---
INFO:root:Turn: 35
INFO:root:---NEW TURN---
INFO:root:Turn: 36
INFO:root:---NEW TURN---
INFO:root:Turn: 37
INFO:root:---NEW TURN---
INFO:root:Turn: 38
INFO:root:---NEW TURN---
INFO:root:Turn: 39
INFO:root:---NEW TURN---
INFO:root:Turn: 40
INFO:root:---NEW TURN---
INFO:root:Turn: 41
INFO:root:---NEW TURN---
INFO:root:Turn: 42
INFO:root:---NEW TURN---
INFO:root:Turn: 43
INFO:root:---NEW TURN---
INFO:root:Turn: 44
INFO:root:---NEW TURN---
INFO:root:Turn: 45
INFO:root:---NEW TURN---
INFO:root:Turn: 46
INFO:root:---NEW TURN---
INFO:root:Turn: 47
INFO:root:---NEW TURN---
INFO:root:Turn: 48
INFO:root:---NEW TURN---
INFO:root:Turn: 49
INFO:root:---NEW TURN---
INFO:root:Turn: 50
INFO:root:---NEW TURN---
INFO:root:Turn: 51
INFO:root:---NEW TURN---
INFO:root:Turn: 52
INFO:root:---NEW TURN---
INFO:root:Turn: 53
INFO:root:---NEW TURN---
INFO:root:Turn: 54
INFO:root:---NEW TURN---
INFO:root:Turn: 55
INFO:root:---NEW TURN---
INFO:root:Turn: 56
INFO:root:---NEW TURN---
INFO:root:Turn: 57
INFO:root:---NEW TURN---
INFO:root:Turn: 58
INFO:root:---NEW TURN---
INFO:root:Turn: 59
INFO:root:---NEW TURN---
INFO:root:Turn: 60
INFO:root:---NEW TURN---
INFO:root:Turn: 61
INFO:root:---NEW TURN---
INFO:root:Turn: 62
INFO:root:---NEW TURN---
INFO:root:Turn: 63
INFO:root:---NEW TURN---
INFO:root:Turn: 64
INFO:root:---NEW TURN---
INFO:root:Turn: 65
INFO:root:---NEW TURN---
INFO:root:Turn: 66
INFO:root:---NEW TURN---
INFO:root:Turn: 67
INFO:root:---NEW TURN---
INFO:root:Turn: 68
INFO:root:---NEW TURN---
INFO:root:Turn: 69
INFO:root:---NEW TURN---
INFO:root:Turn: 70
INFO:root:---NEW TURN---
INFO:root:Turn: 71
INFO:root:---NEW TURN---
INFO:root:Turn: 72
INFO:root:---NEW TURN---
INFO:root:Turn: 73
INFO:root:---NEW TURN---
INFO:root:Turn: 74
INFO:root:---NEW TURN---
INFO:root:Turn: 75
INFO:root:---NEW TURN---
INFO:root:Turn: 76
INFO:root:---NEW TURN---
INFO:root:Turn: 77
INFO:root:---NEW TURN---
INFO:root:Turn: 78
INFO:root:---NEW TURN---
INFO:root:Turn: 79
INFO:root:---NEW TURN---
INFO:root:Turn: 80
INFO:root:---NEW TURN---
INFO:root:Turn: 81
INFO:root:---NEW TURN---
INFO:root:Turn: 82
INFO:root:---NEW TURN---
INFO:root:Turn: 83
INFO:root:---NEW TURN---
INFO:root:Turn: 84
INFO:root:---NEW TURN---
INFO:root:Turn: 85
INFO:root:---NEW TURN---
INFO:root:Turn: 86
INFO:root:---NEW TURN---
INFO:root:Turn: 87
INFO:root:---NEW TURN---
INFO:root:Turn: 88
INFO:root:---NEW TURN---
INFO:root:Turn: 89
INFO:root:---NEW TURN---
INFO:root:Turn: 90
INFO:root:---NEW TURN---
INFO:root:Turn: 91
INFO:root:---NEW TURN---
INFO:root:Turn: 92
INFO:root:---NEW TURN---
INFO:root:Turn: 93
INFO:root:---NEW TURN---
INFO:root:Turn: 94
INFO:root:---NEW TURN---
INFO:root:Turn: 95
INFO:root:---NEW TURN---
INFO:root:Turn: 96
INFO:root:---NEW TURN---
INFO:root:Turn: 97
INFO:root:---NEW TURN---
INFO:root:Turn: 98
INFO:root:---NEW TURN---
INFO:root:Turn: 99
INFO:root:---NEW TURN---
INFO:root:Turn: 100
INFO:root:---NEW TURN---
INFO:root:Turn: 101
INFO:root:---NEW TURN---
INFO:root:Turn: 102
INFO:root:---NEW TURN---
INFO:root:Turn: 103
INFO:root:---NEW TURN---
INFO:root:Turn: 104
INFO:root:---NEW TURN---
INFO:root:Turn: 105
INFO:root:---NEW TURN---
INFO:root:Turn: 106
INFO:root:---NEW TURN---
INFO:root:Turn: 107
INFO:root:---NEW TURN---
INFO:root:Turn: 108
INFO:root:---NEW TURN---
INFO:root:Turn: 109
INFO:root:---NEW TURN---
INFO:root:Turn: 110
INFO:root:---NEW TURN---
INFO:root:Turn: 111
INFO:root:---NEW TURN---
INFO:root:Turn: 112
INFO:root:---NEW TURN---
INFO:root:Turn: 113
INFO:root:---NEW TURN---
INFO:root:Turn: 114
INFO:root:---NEW TURN---
INFO:root:Turn: 115
INFO:root:---NEW TURN---
INFO:root:Turn: 116
INFO:root:---NEW TURN---
INFO:root:Turn: 117
INFO:root:---NEW TURN---
INFO:root:Turn: 118
INFO:root:---NEW TURN---
INFO:root:Turn: 119
INFO:root:---NEW TURN---
INFO:root:Turn: 120
INFO:root:---NEW TURN---
INFO:root:Turn: 121
INFO:root:---NEW TURN---
INFO:root:Turn: 122
INFO:root:---NEW TURN---
INFO:root:Turn: 123
INFO:root:---NEW TURN---
INFO:root:Turn: 124
INFO:root:---NEW TURN---
INFO:root:Turn: 125
INFO:root:---NEW TURN---
INFO:root:Turn: 126
INFO:root:---NEW TURN---
INFO:root:Turn: 127
INFO:root:---NEW TURN---
INFO:root:Turn: 128
INFO:root:---NEW TURN---
INFO:root:Turn: 129
INFO:root:---NEW TURN---
INFO:root:Turn: 130
INFO:root:---NEW TURN---
INFO:root:Turn: 131
INFO:root:---NEW TURN---
INFO:root:Turn: 132
INFO:root:---NEW TURN---
INFO:root:Turn: 133
INFO:root:---NEW TURN---
INFO:root:Turn: 134
INFO:root:---NEW TURN---
INFO:root:Turn: 135
INFO:root:---NEW TURN---
INFO:root:Turn: 136
INFO:root:---NEW TURN---
INFO:root:Turn: 137
INFO:root:---NEW TURN---
INFO:root:Turn: 138
INFO:root:---NEW TURN---
INFO:root:Turn: 139
INFO:root:---NEW TURN---
INFO:root:Turn: 140
INFO:root:---NEW TURN---
INFO:root:Turn: 141
INFO:root:---NEW TURN---
INFO:root:Turn: 142
INFO:root:---NEW TURN---
INFO:root:Turn: 143
INFO:root:---NEW TURN---
INFO:root:Turn: 144
INFO:root:---NEW TURN---
INFO:root:Turn: 145
INFO:root:---NEW TURN---
INFO:root:Turn: 146
INFO:root:---NEW TURN---
INFO:root:Turn: 147
INFO:root:---NEW TURN---
INFO:root:Turn: 148
INFO:root:---NEW TURN---
INFO:root:Turn: 149
INFO:root:---NEW TURN---
INFO:root:Turn: 150
INFO:root:---NEW TURN---
INFO:root:Turn: 151
INFO:root:---NEW TURN---
INFO:root:Turn: 152
INFO:root:---NEW TURN---
INFO:root:Turn: 153
INFO:root:---NEW TURN---
INFO:root:Turn: 154
INFO:root:---NEW TURN---
INFO:root:Turn: 155
INFO:root:---NEW TURN---
INFO:root:Turn: 156
INFO:root:---NEW TURN---
INFO:root:Turn: 157
INFO:root:---NEW TURN---
INFO:root:Turn: 158
INFO:root:---NEW TURN---
INFO:root:Turn: 159
INFO:root:---NEW TURN---
INFO:root:Turn: 160
INFO:root:---NEW TURN---
INFO:root:Turn: 161
INFO:root:---NEW TURN---
INFO:root:Turn: 162
INFO:root:---NEW TURN---
INFO:root:Turn: 163
INFO:root:---NEW TURN---
INFO:root:Turn: 164
INFO:root:---NEW TURN---
INFO:root:Turn: 165
INFO:root:---NEW TURN---
INFO:root:Turn: 166
INFO:root:---NEW TURN---
INFO:root:Turn: 167
INFO:root:---NEW TURN---
INFO:root:Turn: 168
INFO:root:---NEW TURN---
INFO:root:Turn: 169
INFO:root:---NEW TURN---
INFO:root:Turn: 170
INFO:root:---NEW TURN---
INFO:root:Turn: 171
INFO:root:---NEW TURN---
INFO:root:Turn: 172
INFO:root:---NEW TURN---
INFO:root:Turn: 173
INFO:root:---NEW TURN---
INFO:root:Turn: 174
INFO:root:---NEW TURN---
INFO:root:Turn: 175
INFO:root:---NEW TURN---
INFO:root:Turn: 176
INFO:root:---NEW TURN---
INFO:root:Turn: 177
INFO:root:---NEW TURN---
INFO:root:Turn: 178
INFO:root:---NEW TURN---
INFO:root:Turn: 179
INFO:root:---NEW TURN---
INFO:root:Turn: 180
INFO:root:---NEW TURN---
INFO:root:Turn: 181
INFO:root:---NEW TURN---
INFO:root:Turn: 182
INFO:root:---NEW TURN---
INFO:root:Turn: 183
INFO:root:---NEW TURN---
INFO:root:Turn: 184
INFO:root:---NEW TURN---
INFO:root:Turn: 185
INFO:root:---NEW TURN---
INFO:root:Turn: 186
INFO:root:---NEW TURN---
INFO:root:Turn: 187
INFO:root:---NEW TURN---
INFO:root:Turn: 188
INFO:root:---NEW TURN---
INFO:root:Turn: 189
INFO:root:---NEW TURN---
INFO:root:Turn: 190
INFO:root:---NEW TURN---
INFO:root:Turn: 191
INFO:root:---NEW TURN---
INFO:root:Turn: 192
INFO:root:---NEW TURN---
INFO:root:Turn: 193
INFO:root:---NEW TURN---
INFO:root:Turn: 194
INFO:root:---NEW TURN---
INFO:root:Turn: 195
INFO:root:---NEW TURN---
INFO:root:Turn: 196
INFO:root:---NEW TURN---
INFO:root:Turn: 197
INFO:root:---NEW TURN---
INFO:root:Turn: 198
INFO:root:---NEW TURN---
INFO:root:Turn: 199
INFO:root:---NEW TURN---
INFO:root:Turn: 200
INFO:root:---NEW TURN---
INFO:root:Turn: 201
INFO:root:---NEW TURN---
INFO:root:Turn: 202
INFO:root:---NEW TURN---
INFO:root:Turn: 203
INFO:root:---NEW TURN---
INFO:root:Turn: 204
INFO:root:---NEW TURN---
INFO:root:Turn: 205
INFO:root:---NEW TURN---
INFO:root:Turn: 206
INFO:root:---NEW TURN---
INFO:root:Turn: 207
INFO:root:---NEW TURN---
INFO:root:Turn: 208
INFO:root:---NEW TURN---
INFO:root:Turn: 209
INFO:root:---NEW TURN---
INFO:root:Turn: 210
INFO:root:---NEW TURN---
INFO:root:Turn: 211
INFO:root:---NEW TURN---
INFO:root:Turn: 212
INFO:root:---NEW TURN---
INFO:root:Turn: 213
INFO:root:---NEW TURN---
INFO:root:Turn: 214
INFO:root:---NEW TURN---
INFO:root:Turn: 215
INFO:root:---NEW TURN---
INFO:root:Turn: 216
INFO:root:---NEW TURN---
INFO:root:Turn: 217
INFO:root:---NEW TURN---
INFO:root:Turn: 218
INFO:root:---NEW TURN---
INFO:root:Turn: 219
INFO:root:---NEW TURN---
INFO:root:Turn: 220
INFO:root:---NEW TURN---
INFO:root:Turn: 221
INFO:root:---NEW TURN---
INFO:root:Turn: 222
INFO:root:---NEW TURN---
INFO:root:Turn: 223
INFO:root:---NEW TURN---
INFO:root:Turn: 224
INFO:root:---NEW TURN---
INFO:root:Turn: 225
INFO:root:---NEW TURN---
INFO:root:Turn: 226
INFO:root:---NEW TURN---
INFO:root:Turn: 227
INFO:root:---NEW TURN---
INFO:root:Turn: 228
INFO:root:---NEW TURN---
INFO:root:Turn: 229
INFO:root:---NEW TURN---
INFO:root:Turn: 230
INFO:root:---NEW TURN---
INFO:root:Turn: 231
INFO:root:---NEW TURN---
INFO:root:Turn: 232
INFO:root:---NEW TURN---
INFO:root:Turn: 233
INFO:root:---NEW TURN---
INFO:root:Turn: 234
INFO:root:---NEW TURN---
INFO:root:Turn: 235
INFO:root:---NEW TURN---
INFO:root:Turn: 236
INFO:root:---NEW TURN---
INFO:root:Turn: 237
INFO:root:---NEW TURN---
INFO:root:Turn: 238
INFO:root:---NEW TURN---
INFO:root:Turn: 239
INFO:root:---NEW TURN---
INFO:root:Turn: 240
INFO:root:---NEW TURN---
INFO:root:Turn: 241
INFO:root:---NEW TURN---
INFO:root:Turn: 242
INFO:root:---NEW TURN---
INFO:root:Turn: 243
INFO:root:---NEW TURN---
INFO:root:Turn: 244
INFO:root:---NEW TURN---
INFO:root:Turn: 245
INFO:root:---NEW TURN---
INFO:root:Turn: 246
INFO:root:---NEW TURN---
INFO:root:Turn: 247
INFO:root:---NEW TURN---
INFO:root:Turn: 248
INFO:root:---NEW TURN---
INFO:root:Turn: 249
INFO:root:---NEW TURN---
INFO:root:Turn: 250
INFO:root:---NEW TURN---
INFO:root:Turn: 251
INFO:root:---NEW TURN---
INFO:root:Turn: 252
INFO:root:---NEW TURN---
INFO:root:Turn: 253
INFO:root:---NEW TURN---
INFO:root:Turn: 254
INFO:root:---NEW TURN---
INFO:root:Turn: 255
INFO:root:---NEW TURN---
INFO:root:Turn: 256
INFO:root:---NEW TURN---
INFO:root:Turn: 257
INFO:root:---NEW TURN---
INFO:root:Turn: 258
INFO:root:---NEW TURN---
INFO:root:Turn: 259
INFO:root:---NEW TURN---
INFO:root:Turn: 260
INFO:root:---NEW TURN---
INFO:root:Turn: 261
INFO:root:---NEW TURN---
INFO:root:Turn: 262
INFO:root:---NEW TURN---
INFO:root:Turn: 263
INFO:root:---NEW TURN---
INFO:root:Turn: 264
INFO:root:---NEW TURN---
INFO:root:Turn: 265
INFO:root:---NEW TURN---
INFO:root:Turn: 266
INFO:root:---NEW TURN---
INFO:root:Turn: 267
INFO:root:---NEW TURN---
INFO:root:Turn: 268
INFO:root:---NEW TURN---
INFO:root:Turn: 269
INFO:root:---NEW TURN---
INFO:root:Turn: 270
INFO:root:---NEW TURN---
INFO:root:Turn: 271
INFO:root:---NEW TURN---
INFO:root:Turn: 272
INFO:root:---NEW TURN---
INFO:root:Turn: 273
INFO:root:---NEW TURN---
INFO:root:Turn: 274
INFO:root:---NEW TURN---
INFO:root:Turn: 275
INFO:root:---NEW TURN---
INFO:root:Turn: 276
INFO:root:---NEW TURN---
INFO:root:Turn: 277
INFO:root:---NEW TURN---
INFO:root:Turn: 278
INFO:root:---NEW TURN---
INFO:root:Turn: 279
INFO:root:---NEW TURN---
INFO:root:Turn: 280
INFO:root:---NEW TURN---
INFO:root:Turn: 281
INFO:root:---NEW TURN---
INFO:root:Turn: 282
INFO:root:---NEW TURN---
INFO:root:Turn: 283
INFO:root:---NEW TURN---
INFO:root:Turn: 284
INFO:root:---NEW TURN---
INFO:root:Turn: 285
INFO:root:---NEW TURN---
INFO:root:Turn: 286
INFO:root:---NEW TURN---
INFO:root:Turn: 287
INFO:root:---NEW TURN---
INFO:root:Turn: 288
INFO:root:---NEW TURN---
INFO:root:Turn: 289
INFO:root:---NEW TURN---
INFO:root:Turn: 290
INFO:root:---NEW TURN---
INFO:root:Turn: 291
INFO:root:---NEW TURN---
INFO:root:Turn: 292
INFO:root:---NEW TURN---
INFO:root:Turn: 293
INFO:root:---NEW TURN---
INFO:root:Turn: 294
INFO:root:---NEW TURN---
INFO:root:Turn: 295
INFO:root:---NEW TURN---
ERROR:root:not enough values to unpack (expected at least 1, got 0)
Traceback (most recent call last):
  File "MonkBot.py", line 213, in <module>
    game_map = game.update_map()
  File "C:\Users\Monkstar\Desktop\Halite\hlt\networking.py", line 95, in update_map
    self.map._parse(self._get_string())
  File "C:\Users\Monkstar\Desktop\Halite\hlt\game_map.py", line 93, in _parse
    self._players, tokens = Player._parse(tokens)
  File "C:\Users\Monkstar\Desktop\Halite\hlt\game_map.py", line 199, in _parse
    num_players, *remainder = tokens
ValueError: not enough values to unpack (expected at least 1, got 0)
